<?xml version="1.0" encoding="UTF-8"?>
<!-- Generated by org.testng.reporters.JUnitReportReporter -->
<testsuite skipped="0" hostname="bellal-3LQUFINH" name="thursdaytry.Myself" tests="1" failures="0" timestamp="2020-06-18T13:26:42 EDT" time="17.793" errors="0">
  <testcase name="openBrowser" time="17.793" classname="thursdaytry.Myself"/>
  <system-out/>
</testsuite> <!-- thursdaytry.Myself -->
