<?xml version="1.0" encoding="UTF-8"?>
<!-- Generated by org.testng.reporters.JUnitReportReporter -->
<testsuite skipped="0" hostname="bellal-3LQUFINH" name="thursdaytry.Thursdaytime" tests="1" failures="0" timestamp="2020-06-18T11:48:43 EDT" time="8.902" errors="0">
  <testcase name="openBrowser" time="8.902" classname="thursdaytry.Thursdaytime"/>
  <system-out/>
</testsuite> <!-- thursdaytry.Thursdaytime -->
